# JRE version: Java(TM) SE Runtime Environment 18.9 (11.0.11+9) (build 11.0.11+9-LTS-194)
# Java VM: Java HotSpot(TM) 64-Bit Server VM 18.9 (11.0.11+9-LTS-194, mixed mode, tiered, compressed oops, g1 gc, windows-amd64)
Heap:
 garbage-first heap   total 129024K, used 88163K [0x00000000e0000000, 0x0000000100000000)
  region size 1024K, 63 young (64512K), 6 survivors (6144K)
 Metaspace       used 73916K, capacity 75696K, committed 75904K, reserved 1116160K
  class space    used 9277K, capacity 9988K, committed 10112K, reserved 1048576K
GC Heap History (10 events):
Event: 12.413 GC heap before
{Heap before GC invocations=9 (full 0):
 garbage-first heap   total 129024K, used 88893K [0x00000000e0000000, 0x0000000100000000)
  region size 1024K, 75 young (76800K), 6 survivors (6144K)
 Metaspace       used 48264K, capacity 49597K, committed 49792K, reserved 1093632K
  class space    used 5931K, capacity 6475K, committed 6528K, reserved 1048576K
}
Event: 12.420 GC heap after
{Heap after GC invocations=10 (full 0):
 garbage-first heap   total 129024K, used 21888K [0x00000000e0000000, 0x0000000100000000)
  region size 1024K, 8 young (8192K), 8 survivors (8192K)
 Metaspace       used 48264K, capacity 49597K, committed 49792K, reserved 1093632K
  class space    used 5931K, capacity 6475K, committed 6528K, reserved 1048576K
}
Event: 14.602 GC heap before
{Heap before GC invocations=10 (full 0):
 garbage-first heap   total 129024K, used 90496K [0x00000000e0000000, 0x0000000100000000)
  region size 1024K, 75 young (76800K), 8 survivors (8192K)
 Metaspace       used 55263K, capacity 56682K, committed 56832K, reserved 1099776K
  class space    used 6764K, capacity 7337K, committed 7424K, reserved 1048576K
}
Event: 14.612 GC heap after
{Heap after GC invocations=11 (full 0):
 garbage-first heap   total 129024K, used 25652K [0x00000000e0000000, 0x0000000100000000)
  region size 1024K, 9 young (9216K), 9 survivors (9216K)
 Metaspace       used 55263K, capacity 56682K, committed 56832K, reserved 1099776K
  class space    used 6764K, capacity 7337K, committed 7424K, reserved 1048576K
}
Event: 15.862 GC heap before
{Heap before GC invocations=11 (full 0):
 garbage-first heap   total 129024K, used 54324K [0x00000000e0000000, 0x0000000100000000)
  region size 1024K, 38 young (38912K), 9 survivors (9216K)
 Metaspace       used 58105K, capacity 59546K, committed 59648K, reserved 1101824K
  class space    used 7279K, capacity 7864K, committed 7936K, reserved 1048576K
}
Event: 15.873 GC heap after
{Heap after GC invocations=12 (full 0):
 garbage-first heap   total 129024K, used 26315K [0x00000000e0000000, 0x0000000100000000)
  region size 1024K, 5 young (5120K), 5 survivors (5120K)
 Metaspace       used 58105K, capacity 59546K, committed 59648K, reserved 1101824K
  class space    used 7279K, capacity 7864K, committed 7936K, reserved 1048576K
}
Event: 19.296 GC heap before
{Heap before GC invocations=13 (full 0):
 garbage-first heap   total 129024K, used 97995K [0x00000000e0000000, 0x0000000100000000)
  region size 1024K, 75 young (76800K), 5 survivors (5120K)
 Metaspace       used 67306K, capacity 68795K, committed 68864K, reserved 1110016K
  class space    used 8558K, capacity 9155K, committed 9216K, reserved 1048576K
}
Event: 19.304 GC heap after
{Heap after GC invocations=14 (full 0):
 garbage-first heap   total 129024K, used 28110K [0x00000000e0000000, 0x0000000100000000)
  region size 1024K, 7 young (7168K), 7 survivors (7168K)
 Metaspace       used 67306K, capacity 68795K, committed 68864K, reserved 1110016K
  class space    used 8558K, capacity 9155K, committed 9216K, reserved 1048576K
}
Event: 21.587 GC heap before
{Heap before GC invocations=14 (full 0):
 garbage-first heap   total 129024K, used 97742K [0x00000000e0000000, 0x0000000100000000)
  region size 1024K, 75 young (76800K), 7 survivors (7168K)
 Metaspace       used 72708K, capacity 74468K, committed 74752K, reserved 1114112K
  class space    used 9186K, capacity 9889K, committed 9984K, reserved 1048576K
}
Event: 21.595 GC heap after
{Heap after GC invocations=15 (full 0):
 garbage-first heap   total 129024K, used 30819K [0x00000000e0000000, 0x0000000100000000)
  region size 1024K, 6 young (6144K), 6 survivors (6144K)
 Metaspace       used 72708K, capacity 74468K, committed 74752K, reserved 1114112K
  class space    used 9186K, capacity 9889K, committed 9984K, reserved 1048576K
}

