# JRE version: Java(TM) SE Runtime Environment 18.9 (11.0.11+9) (build 11.0.11+9-LTS-194)
# Java VM: Java HotSpot(TM) 64-Bit Server VM 18.9 (11.0.11+9-LTS-194, mixed mode, tiered, compressed oops, g1 gc, windows-amd64)
Heap:
 garbage-first heap   total 129024K, used 63785K [0x00000000e0000000, 0x0000000100000000)
  region size 1024K, 51 young (52224K), 6 survivors (6144K)
 Metaspace       used 46409K, capacity 47728K, committed 48000K, reserved 1091584K
  class space    used 5681K, capacity 6203K, committed 6272K, reserved 1048576K
GC Heap History (10 events):
Event: 15.759 GC heap before
{Heap before GC invocations=2 (full 0):
 garbage-first heap   total 129024K, used 49232K [0x00000000e0000000, 0x0000000100000000)
  region size 1024K, 39 young (39936K), 1 survivors (1024K)
 Metaspace       used 20376K, capacity 21080K, committed 21248K, reserved 1069056K
  class space    used 2294K, capacity 2535K, committed 2560K, reserved 1048576K
}
Event: 15.764 GC heap after
{Heap after GC invocations=3 (full 0):
 garbage-first heap   total 129024K, used 12746K [0x00000000e0000000, 0x0000000100000000)
  region size 1024K, 2 young (2048K), 2 survivors (2048K)
 Metaspace       used 20376K, capacity 21080K, committed 21248K, reserved 1069056K
  class space    used 2294K, capacity 2535K, committed 2560K, reserved 1048576K
}
Event: 18.715 GC heap before
{Heap before GC invocations=4 (full 0):
 garbage-first heap   total 129024K, used 62922K [0x00000000e0000000, 0x0000000100000000)
  region size 1024K, 52 young (53248K), 2 survivors (2048K)
 Metaspace       used 27013K, capacity 27931K, committed 28160K, reserved 1073152K
  class space    used 3198K, capacity 3568K, committed 3584K, reserved 1048576K
}
Event: 18.720 GC heap after
{Heap after GC invocations=5 (full 0):
 garbage-first heap   total 129024K, used 14427K [0x00000000e0000000, 0x0000000100000000)
  region size 1024K, 4 young (4096K), 4 survivors (4096K)
 Metaspace       used 27013K, capacity 27931K, committed 28160K, reserved 1073152K
  class space    used 3198K, capacity 3568K, committed 3584K, reserved 1048576K
}
Event: 20.348 GC heap before
{Heap before GC invocations=5 (full 0):
 garbage-first heap   total 129024K, used 71771K [0x00000000e0000000, 0x0000000100000000)
  region size 1024K, 61 young (62464K), 4 survivors (4096K)
 Metaspace       used 31857K, capacity 32893K, committed 33024K, reserved 1077248K
  class space    used 3924K, capacity 4348K, committed 4352K, reserved 1048576K
}
Event: 20.355 GC heap after
{Heap after GC invocations=6 (full 0):
 garbage-first heap   total 129024K, used 16947K [0x00000000e0000000, 0x0000000100000000)
  region size 1024K, 6 young (6144K), 6 survivors (6144K)
 Metaspace       used 31857K, capacity 32893K, committed 33024K, reserved 1077248K
  class space    used 3924K, capacity 4348K, committed 4352K, reserved 1048576K
}
Event: 20.867 GC heap before
{Heap before GC invocations=6 (full 0):
 garbage-first heap   total 129024K, used 73267K [0x00000000e0000000, 0x0000000100000000)
  region size 1024K, 63 young (64512K), 6 survivors (6144K)
 Metaspace       used 34547K, capacity 35546K, committed 35584K, reserved 1081344K
  class space    used 4181K, capacity 4593K, committed 4608K, reserved 1048576K
}
Event: 20.877 GC heap after
{Heap after GC invocations=7 (full 0):
 garbage-first heap   total 129024K, used 17873K [0x00000000e0000000, 0x0000000100000000)
  region size 1024K, 6 young (6144K), 6 survivors (6144K)
 Metaspace       used 34547K, capacity 35546K, committed 35584K, reserved 1081344K
  class space    used 4181K, capacity 4593K, committed 4608K, reserved 1048576K
}
Event: 23.631 GC heap before
{Heap before GC invocations=8 (full 0):
 garbage-first heap   total 129024K, used 84433K [0x00000000e0000000, 0x0000000100000000)
  region size 1024K, 70 young (71680K), 6 survivors (6144K)
 Metaspace       used 41886K, capacity 43034K, committed 43264K, reserved 1087488K
  class space    used 5074K, capacity 5519K, committed 5632K, reserved 1048576K
}
Event: 23.640 GC heap after
{Heap after GC invocations=9 (full 0):
 garbage-first heap   total 129024K, used 19753K [0x00000000e0000000, 0x0000000100000000)
  region size 1024K, 6 young (6144K), 6 survivors (6144K)
 Metaspace       used 41886K, capacity 43034K, committed 43264K, reserved 1087488K
  class space    used 5074K, capacity 5519K, committed 5632K, reserved 1048576K
}

